c:\users\smh79\onedrive\바탕 화면\영상처리\imageproc_20190829\x64\debug\imageproc_20190829.pch
c:\users\smh79\onedrive\바탕 화면\영상처리\imageproc_20190829\x64\debug\vc143.pdb
c:\users\smh79\onedrive\바탕 화면\영상처리\imageproc_20190829\x64\debug\vc143.idb
c:\users\smh79\onedrive\바탕 화면\영상처리\imageproc_20190829\x64\debug\pch.obj
c:\users\smh79\onedrive\바탕 화면\영상처리\imageproc_20190829\x64\debug\mainfrm.obj
c:\users\smh79\onedrive\바탕 화면\영상처리\imageproc_20190829\x64\debug\imageproc_20190829view.obj
c:\users\smh79\onedrive\바탕 화면\영상처리\imageproc_20190829\x64\debug\imageproc_20190829doc.obj
c:\users\smh79\onedrive\바탕 화면\영상처리\imageproc_20190829\x64\debug\imageproc_20190829.obj
c:\users\smh79\onedrive\바탕 화면\영상처리\imageproc_20190829\x64\debug\childfrm.obj
c:\users\smh79\onedrive\바탕 화면\영상처리\imageproc_20190829\x64\debug\imageproc_20190829.exe
c:\users\smh79\onedrive\바탕 화면\영상처리\imageproc_20190829\x64\debug\imageproc_20190829.ilk
c:\users\smh79\onedrive\바탕 화면\영상처리\imageproc_20190829\x64\debug\imageproc_20190829.pdb
c:\users\smh79\onedrive\바탕 화면\영상처리\imageproc_20190829\x64\debug\imageproc20190829.res
c:\users\smh79\onedrive\바탕 화면\영상처리\imageproc_20190829\x64\debug\imagepro.5879a6e2.tlog\cl.command.1.tlog
c:\users\smh79\onedrive\바탕 화면\영상처리\imageproc_20190829\x64\debug\imagepro.5879a6e2.tlog\cl.items.tlog
c:\users\smh79\onedrive\바탕 화면\영상처리\imageproc_20190829\x64\debug\imagepro.5879a6e2.tlog\cl.read.1.tlog
c:\users\smh79\onedrive\바탕 화면\영상처리\imageproc_20190829\x64\debug\imagepro.5879a6e2.tlog\cl.write.1.tlog
c:\users\smh79\onedrive\바탕 화면\영상처리\imageproc_20190829\x64\debug\imagepro.5879a6e2.tlog\link.command.1.tlog
c:\users\smh79\onedrive\바탕 화면\영상처리\imageproc_20190829\x64\debug\imagepro.5879a6e2.tlog\link.read.1.tlog
c:\users\smh79\onedrive\바탕 화면\영상처리\imageproc_20190829\x64\debug\imagepro.5879a6e2.tlog\link.write.1.tlog
c:\users\smh79\onedrive\바탕 화면\영상처리\imageproc_20190829\x64\debug\imagepro.5879a6e2.tlog\rc.command.1.tlog
c:\users\smh79\onedrive\바탕 화면\영상처리\imageproc_20190829\x64\debug\imagepro.5879a6e2.tlog\rc.read.1.tlog
c:\users\smh79\onedrive\바탕 화면\영상처리\imageproc_20190829\x64\debug\imagepro.5879a6e2.tlog\rc.write.1.tlog
