  ImageProc_20190829View.cpp
C:\Users\smh79\OneDrive\바탕 화면\영상처리\ImageProc_20190829\ImageProc_20190829View.cpp(302,34): warning C4244: '=': 'double'에서 'int'(으)로 변환하면서 데이터가 손실될 수 있습니다.
C:\Users\smh79\OneDrive\바탕 화면\영상처리\ImageProc_20190829\ImageProc_20190829View.cpp(311,42): warning C4244: '=': 'double'에서 'int'(으)로 변환하면서 데이터가 손실될 수 있습니다.
C:\Users\smh79\OneDrive\바탕 화면\영상처리\ImageProc_20190829\ImageProc_20190829View.cpp(319,42): warning C4244: '=': 'double'에서 'int'(으)로 변환하면서 데이터가 손실될 수 있습니다.
C:\Users\smh79\OneDrive\바탕 화면\영상처리\ImageProc_20190829\ImageProc_20190829View.cpp(327,42): warning C4244: '=': 'double'에서 'int'(으)로 변환하면서 데이터가 손실될 수 있습니다.
C:\Users\smh79\OneDrive\바탕 화면\영상처리\ImageProc_20190829\ImageProc_20190829View.cpp(352,34): warning C4244: '=': 'double'에서 'int'(으)로 변환하면서 데이터가 손실될 수 있습니다.
C:\Users\smh79\OneDrive\바탕 화면\영상처리\ImageProc_20190829\ImageProc_20190829View.cpp(361,42): warning C4244: '=': 'double'에서 'int'(으)로 변환하면서 데이터가 손실될 수 있습니다.
C:\Users\smh79\OneDrive\바탕 화면\영상처리\ImageProc_20190829\ImageProc_20190829View.cpp(369,42): warning C4244: '=': 'double'에서 'int'(으)로 변환하면서 데이터가 손실될 수 있습니다.
C:\Users\smh79\OneDrive\바탕 화면\영상처리\ImageProc_20190829\ImageProc_20190829View.cpp(377,42): warning C4244: '=': 'double'에서 'int'(으)로 변환하면서 데이터가 손실될 수 있습니다.
C:\Users\smh79\OneDrive\바탕 화면\영상처리\ImageProc_20190829\ImageProc_20190829View.cpp(424,50): warning C4244: '=': 'float'에서 'unsigned char'(으)로 변환하면서 데이터가 손실될 수 있습니다.
C:\Users\smh79\OneDrive\바탕 화면\영상처리\ImageProc_20190829\ImageProc_20190829View.cpp(442,12): warning C4101: 'value' :참조되지 않은 지역 변수입니다.
C:\Users\smh79\OneDrive\바탕 화면\영상처리\ImageProc_20190829\ImageProc_20190829View.cpp(485,37): warning C4244: '=': 'double'에서 'int'(으)로 변환하면서 데이터가 손실될 수 있습니다.
C:\Users\smh79\OneDrive\바탕 화면\영상처리\ImageProc_20190829\ImageProc_20190829View.cpp(542,43): warning C4244: '+=': 'float'에서 'int'(으)로 변환하면서 데이터가 손실될 수 있습니다.
C:\Users\smh79\OneDrive\바탕 화면\영상처리\ImageProc_20190829\ImageProc_20190829View.cpp(557,54): warning C4244: '+=': 'float'에서 'int'(으)로 변환하면서 데이터가 손실될 수 있습니다.
C:\Users\smh79\OneDrive\바탕 화면\영상처리\ImageProc_20190829\ImageProc_20190829View.cpp(558,54): warning C4244: '+=': 'float'에서 'int'(으)로 변환하면서 데이터가 손실될 수 있습니다.
C:\Users\smh79\OneDrive\바탕 화면\영상처리\ImageProc_20190829\ImageProc_20190829View.cpp(559,54): warning C4244: '+=': 'float'에서 'int'(으)로 변환하면서 데이터가 손실될 수 있습니다.
C:\Users\smh79\OneDrive\바탕 화면\영상처리\ImageProc_20190829\ImageProc_20190829View.cpp(635,17): warning C4244: '=': 'double'에서 'int'(으)로 변환하면서 데이터가 손실될 수 있습니다.
C:\Users\smh79\OneDrive\바탕 화면\영상처리\ImageProc_20190829\ImageProc_20190829View.cpp(644,18): warning C4244: '=': 'double'에서 'int'(으)로 변환하면서 데이터가 손실될 수 있습니다.
C:\Users\smh79\OneDrive\바탕 화면\영상처리\ImageProc_20190829\ImageProc_20190829View.cpp(645,18): warning C4244: '=': 'double'에서 'int'(으)로 변환하면서 데이터가 손실될 수 있습니다.
C:\Users\smh79\OneDrive\바탕 화면\영상처리\ImageProc_20190829\ImageProc_20190829View.cpp(646,18): warning C4244: '=': 'double'에서 'int'(으)로 변환하면서 데이터가 손실될 수 있습니다.
C:\Users\smh79\OneDrive\바탕 화면\영상처리\ImageProc_20190829\ImageProc_20190829View.cpp(647,17): warning C4244: '=': 'double'에서 'int'(으)로 변환하면서 데이터가 손실될 수 있습니다.
C:\Users\smh79\OneDrive\바탕 화면\영상처리\ImageProc_20190829\ImageProc_20190829View.cpp(698,18): warning C4244: '=': 'double'에서 'int'(으)로 변환하면서 데이터가 손실될 수 있습니다.
C:\Users\smh79\OneDrive\바탕 화면\영상처리\ImageProc_20190829\ImageProc_20190829View.cpp(707,19): warning C4244: '=': 'double'에서 'int'(으)로 변환하면서 데이터가 손실될 수 있습니다.
C:\Users\smh79\OneDrive\바탕 화면\영상처리\ImageProc_20190829\ImageProc_20190829View.cpp(708,19): warning C4244: '=': 'double'에서 'int'(으)로 변환하면서 데이터가 손실될 수 있습니다.
C:\Users\smh79\OneDrive\바탕 화면\영상처리\ImageProc_20190829\ImageProc_20190829View.cpp(709,19): warning C4244: '=': 'double'에서 'int'(으)로 변환하면서 데이터가 손실될 수 있습니다.
C:\Users\smh79\OneDrive\바탕 화면\영상처리\ImageProc_20190829\ImageProc_20190829View.cpp(710,18): warning C4244: '=': 'double'에서 'int'(으)로 변환하면서 데이터가 손실될 수 있습니다.
C:\Users\smh79\OneDrive\바탕 화면\영상처리\ImageProc_20190829\ImageProc_20190829View.cpp(763,18): warning C4244: '=': 'double'에서 'int'(으)로 변환하면서 데이터가 손실될 수 있습니다.
C:\Users\smh79\OneDrive\바탕 화면\영상처리\ImageProc_20190829\ImageProc_20190829View.cpp(772,19): warning C4244: '=': 'double'에서 'int'(으)로 변환하면서 데이터가 손실될 수 있습니다.
C:\Users\smh79\OneDrive\바탕 화면\영상처리\ImageProc_20190829\ImageProc_20190829View.cpp(773,19): warning C4244: '=': 'double'에서 'int'(으)로 변환하면서 데이터가 손실될 수 있습니다.
C:\Users\smh79\OneDrive\바탕 화면\영상처리\ImageProc_20190829\ImageProc_20190829View.cpp(774,19): warning C4244: '=': 'double'에서 'int'(으)로 변환하면서 데이터가 손실될 수 있습니다.
C:\Users\smh79\OneDrive\바탕 화면\영상처리\ImageProc_20190829\ImageProc_20190829View.cpp(775,18): warning C4244: '=': 'double'에서 'int'(으)로 변환하면서 데이터가 손실될 수 있습니다.
  ImageProc_20190829.vcxproj -> C:\Users\smh79\OneDrive\바탕 화면\영상처리\ImageProc_20190829\x64\Debug\ImageProc_20190829.exe
